<?xml version="1.0" encoding="UTF-8"?>
<!-- Generated by org.testng.reporters.JUnitReportReporter -->
<testsuite hostname="DESKTOP-KU7NGIP" failures="0" tests="4" name="Module1Login_Test.Module1Login_Test" time="3.541" errors="0" timestamp="2023-07-04T10:57:05 IST" skipped="0">
  <testcase classname="Module1Login_Test.Module1Login_Test" name="verifyText" time="1.488"/>
  <system-out/>
  <testcase classname="Module1Login_Test.Module1Login_Test" name="verifyText" time="0.665"/>
  <system-out/>
  <testcase classname="Module1Login_Test.Module1Login_Test" name="verifyImage" time="0.427"/>
  <system-out/>
  <testcase classname="Module1Login_Test.Module1Login_Test" name="verifyImage" time="0.961"/>
  <system-out/>
</testsuite> <!-- Module1Login_Test.Module1Login_Test -->
